<?xml version="1.0" encoding="UTF-8"?>
<!-- Generated by org.testng.reporters.JUnitXMLReporter -->
<testsuite ignored="0" hostname="LP-5CD112KH8H" failures="1" tests="4" name="Test1" time="0.132" errors="0" timestamp="2023-07-03T21:54:17 IST">
  <testcase classname="com.sdet.junit.CalculatorTestNG" name="addTest" time="0.022"/>
  <testcase classname="com.sdet.junit.CalculatorTestNG" name="divTest" time="0.003">
    <failure type="java.lang.AssertionError" message="expected [100] but found [10]">
      <![CDATA[java.lang.AssertionError: expected [100] but found [10]
at com.sdet.junit.CalculatorTestNG.divTest(CalculatorTestNG.java:29)
at java.base/java.util.ArrayList.forEach(ArrayList.java:1511)
... Removed 33 stack frames]]>
    </failure>
  </testcase> <!-- divTest -->
  <testcase classname="com.sdet.junit.CalculatorTestNG" name="multTest" time="0.003"/>
  <testcase classname="com.sdet.junit.CalculatorTestNG" name="subTest" time="0.002"/>
</testsuite> <!-- Test1 -->
